<?xml version="1.0" encoding="UTF-8"?>
<!-- Generated by org.testng.reporters.JUnitReportReporter -->
<testsuite skipped="0" hostname="DESKTOP-RDSDRH0" name="sdetProject.MenuCheck" tests="1" failures="0" timestamp="2020-08-28T20:42:26 IST" time="20.771" errors="0">
  <testcase name="verifyMenu" time="20.771" classname="sdetProject.MenuCheck"/>
  <system-out/>
</testsuite> <!-- sdetProject.MenuCheck -->
