<?xml version="1.0" encoding="UTF-8"?>
<!-- Generated by org.testng.reporters.JUnitReportReporter -->
<testsuite skipped="0" hostname="DESKTOP-RDSDRH0" name="sdetProject.ImageUrl" tests="1" failures="0" timestamp="2020-08-28T20:42:26 IST" time="0.056" errors="0">
  <testcase name="printImageUrl" time="0.056" classname="sdetProject.ImageUrl"/>
  <system-out/>
</testsuite> <!-- sdetProject.ImageUrl -->
