<?xml version="1.0" encoding="UTF-8"?>
<!-- Generated by org.testng.reporters.JUnitReportReporter -->
<testsuite skipped="0" hostname="DESKTOP-RDSDRH0" name="sdetProject.VerifyPageTitle" tests="1" failures="0" timestamp="2020-08-28T20:42:26 IST" time="0.325" errors="0">
  <testcase name="verifyTitle" time="0.325" classname="sdetProject.VerifyPageTitle"/>
  <system-out/>
</testsuite> <!-- sdetProject.VerifyPageTitle -->
