<?xml version="1.0" encoding="UTF-8"?>
<!-- Generated by org.testng.reporters.JUnitReportReporter -->
<testsuite skipped="0" hostname="DESKTOP-RDSDRH0" name="sdetProject.AdditionalDetails" tests="1" failures="0" timestamp="2020-08-28T20:42:25 IST" time="82.235" errors="0">
  <testcase name="printDetail" time="82.235" classname="sdetProject.AdditionalDetails"/>
  <system-out/>
</testsuite> <!-- sdetProject.AdditionalDetails -->
