<?xml version="1.0" encoding="UTF-8"?>
<!-- Generated by org.testng.reporters.JUnitReportReporter -->
<testsuite skipped="0" hostname="DESKTOP-RDSDRH0" name="sdetProject.TraverseTable1" tests="1" failures="0" timestamp="2020-08-28T20:42:26 IST" time="25.806" errors="0">
  <testcase name="printNames" time="25.806" classname="sdetProject.TraverseTable1"/>
  <system-out/>
</testsuite> <!-- sdetProject.TraverseTable1 -->
