<?xml version="1.0" encoding="UTF-8"?>
<!-- Generated by org.testng.reporters.JUnitReportReporter -->
<testsuite skipped="0" hostname="DESKTOP-RDSDRH0" name="sdetProject.TraverseTable2" tests="1" failures="0" timestamp="2020-08-28T20:42:26 IST" time="25.509" errors="0">
  <testcase name="printNameUsername" time="25.509" classname="sdetProject.TraverseTable2"/>
  <system-out/>
</testsuite> <!-- sdetProject.TraverseTable2 -->
