<?xml version="1.0" encoding="UTF-8"?>
<!-- Generated by org.testng.reporters.JUnitReportReporter -->
<testsuite skipped="0" hostname="DESKTOP-RDSDRH0" name="sdetProject.MenuColour" tests="1" failures="0" timestamp="2020-08-28T20:42:26 IST" time="22.804" errors="0">
  <testcase name="printMenuColour" time="22.804" classname="sdetProject.MenuColour"/>
  <system-out/>
</testsuite> <!-- sdetProject.MenuColour -->
